{"/home/bernhard/git/FINAL PRO/h8-final-project-server/app.js": {"path":"/home/bernhard/git/FINAL PRO/h8-final-project-server/app.js","statementMap":{"0":{"start":{"line":1,"column":0},"end":{"line":1,"column":27}},"1":{"start":{"line":2,"column":13},"end":{"line":2,"column":28}},"2":{"start":{"line":3,"column":16},"end":{"line":3,"column":34}},"3":{"start":{"line":4,"column":12},"end":{"line":4,"column":21}},"4":{"start":{"line":5,"column":15},"end":{"line":5,"column":40}},"5":{"start":{"line":7,"column":0},"end":{"line":7,"column":16}},"6":{"start":{"line":8,"column":0},"end":{"line":8,"column":49}},"7":{"start":{"line":9,"column":0},"end":{"line":9,"column":24}},"8":{"start":{"line":11,"column":0},"end":{"line":11,"column":20}},"9":{"start":{"line":13,"column":0},"end":{"line":13,"column":21}}},"fnMap":{},"branchMap":{},"s":{"0":6,"1":6,"2":6,"3":6,"4":6,"5":6,"6":6,"7":6,"8":6,"9":6},"f":{},"b":{},"_coverageSchema":"1a1c01bbd47fc00a2c39e90264f33305004495a9","hash":"9eb5ce4494ec34c84608473c300323274e5fda84"}
,"/home/bernhard/git/FINAL PRO/h8-final-project-server/controllers/admin/AdminCategoryController.js": {"path":"/home/bernhard/git/FINAL PRO/h8-final-project-server/controllers/admin/AdminCategoryController.js","statementMap":{"0":{"start":{"line":1,"column":40},"end":{"line":1,"column":63}},"1":{"start":{"line":5,"column":2},"end":{"line":10,"column":3}},"2":{"start":{"line":6,"column":22},"end":{"line":6,"column":46}},"3":{"start":{"line":7,"column":3},"end":{"line":7,"column":36}},"4":{"start":{"line":9,"column":3},"end":{"line":9,"column":13}},"5":{"start":{"line":13,"column":2},"end":{"line":19,"column":3}},"6":{"start":{"line":14,"column":20},"end":{"line":14,"column":28}},"7":{"start":{"line":15,"column":27},"end":{"line":15,"column":58}},"8":{"start":{"line":16,"column":3},"end":{"line":16,"column":41}},"9":{"start":{"line":18,"column":3},"end":{"line":18,"column":13}},"10":{"start":{"line":22,"column":12},"end":{"line":22,"column":41}},"11":{"start":{"line":23,"column":2},"end":{"line":52,"column":3}},"12":{"start":{"line":24,"column":26},"end":{"line":24,"column":36}},"13":{"start":{"line":25,"column":25},"end":{"line":25,"column":60}},"14":{"start":{"line":26,"column":3},"end":{"line":49,"column":4}},"15":{"start":{"line":27,"column":4},"end":{"line":34,"column":6}},"16":{"start":{"line":36,"column":4},"end":{"line":43,"column":6}},"17":{"start":{"line":44,"column":4},"end":{"line":46,"column":7}},"18":{"start":{"line":48,"column":4},"end":{"line":48,"column":39}},"19":{"start":{"line":51,"column":3},"end":{"line":51,"column":13}},"20":{"start":{"line":56,"column":0},"end":{"line":56,"column":36}}},"fnMap":{"0":{"name":"(anonymous_0)","decl":{"start":{"line":4,"column":1},"end":{"line":4,"column":2}},"loc":{"start":{"line":4,"column":48},"end":{"line":11,"column":2}},"line":4},"1":{"name":"(anonymous_1)","decl":{"start":{"line":12,"column":1},"end":{"line":12,"column":2}},"loc":{"start":{"line":12,"column":45},"end":{"line":20,"column":2}},"line":12},"2":{"name":"(anonymous_2)","decl":{"start":{"line":21,"column":1},"end":{"line":21,"column":2}},"loc":{"start":{"line":21,"column":45},"end":{"line":53,"column":2}},"line":21}},"branchMap":{"0":{"loc":{"start":{"line":26,"column":3},"end":{"line":49,"column":4}},"type":"if","locations":[{"start":{"line":26,"column":3},"end":{"line":49,"column":4}},{"start":{"line":47,"column":10},"end":{"line":49,"column":4}}],"line":26}},"s":{"0":6,"1":0,"2":0,"3":0,"4":0,"5":0,"6":0,"7":0,"8":0,"9":0,"10":0,"11":0,"12":0,"13":0,"14":0,"15":0,"16":0,"17":0,"18":0,"19":0,"20":6},"f":{"0":0,"1":0,"2":0},"b":{"0":[0,0]},"_coverageSchema":"1a1c01bbd47fc00a2c39e90264f33305004495a9","hash":"2d0c6126b4d10aedf1dbaf68652f62de0ed09301"}
,"/home/bernhard/git/FINAL PRO/h8-final-project-server/controllers/admin/AdminCommentController.js": {"path":"/home/bernhard/git/FINAL PRO/h8-final-project-server/controllers/admin/AdminCommentController.js","statementMap":{"0":{"start":{"line":1,"column":20},"end":{"line":1,"column":43}},"1":{"start":{"line":5,"column":2},"end":{"line":16,"column":3}},"2":{"start":{"line":6,"column":25},"end":{"line":6,"column":35}},"3":{"start":{"line":7,"column":24},"end":{"line":7,"column":57}},"4":{"start":{"line":8,"column":3},"end":{"line":13,"column":4}},"5":{"start":{"line":9,"column":4},"end":{"line":9,"column":33}},"6":{"start":{"line":11,"column":4},"end":{"line":11,"column":56}},"7":{"start":{"line":12,"column":4},"end":{"line":12,"column":66}},"8":{"start":{"line":15,"column":3},"end":{"line":15,"column":13}},"9":{"start":{"line":20,"column":0},"end":{"line":20,"column":35}}},"fnMap":{"0":{"name":"(anonymous_0)","decl":{"start":{"line":4,"column":1},"end":{"line":4,"column":2}},"loc":{"start":{"line":4,"column":44},"end":{"line":17,"column":2}},"line":4}},"branchMap":{"0":{"loc":{"start":{"line":8,"column":3},"end":{"line":13,"column":4}},"type":"if","locations":[{"start":{"line":8,"column":3},"end":{"line":13,"column":4}},{"start":{"line":10,"column":10},"end":{"line":13,"column":4}}],"line":8}},"s":{"0":6,"1":0,"2":0,"3":0,"4":0,"5":0,"6":0,"7":0,"8":0,"9":6},"f":{"0":0},"b":{"0":[0,0]},"_coverageSchema":"1a1c01bbd47fc00a2c39e90264f33305004495a9","hash":"e3ce81b63ea20859218c39fea82083769e4638ab"}
,"/home/bernhard/git/FINAL PRO/h8-final-project-server/controllers/admin/AdminCourseController.js": {"path":"/home/bernhard/git/FINAL PRO/h8-final-project-server/controllers/admin/AdminCourseController.js","statementMap":{"0":{"start":{"line":1,"column":47},"end":{"line":1,"column":70}},"1":{"start":{"line":2,"column":15},"end":{"line":2,"column":35}},"2":{"start":{"line":6,"column":2},"end":{"line":54,"column":3}},"3":{"start":{"line":7,"column":28},"end":{"line":7,"column":37}},"4":{"start":{"line":8,"column":16},"end":{"line":8,"column":18}},"5":{"start":{"line":10,"column":17},"end":{"line":22,"column":4}},"6":{"start":{"line":24,"column":3},"end":{"line":26,"column":4}},"7":{"start":{"line":25,"column":4},"end":{"line":25,"column":55}},"8":{"start":{"line":28,"column":3},"end":{"line":30,"column":4}},"9":{"start":{"line":29,"column":4},"end":{"line":29,"column":37}},"10":{"start":{"line":33,"column":3},"end":{"line":46,"column":4}},"11":{"start":{"line":34,"column":4},"end":{"line":34,"column":25}},"12":{"start":{"line":35,"column":4},"end":{"line":35,"column":40}},"13":{"start":{"line":36,"column":4},"end":{"line":36,"column":53}},"14":{"start":{"line":37,"column":4},"end":{"line":42,"column":6}},"15":{"start":{"line":44,"column":4},"end":{"line":44,"column":45}},"16":{"start":{"line":45,"column":4},"end":{"line":45,"column":22}},"17":{"start":{"line":48,"column":3},"end":{"line":50,"column":4}},"18":{"start":{"line":49,"column":4},"end":{"line":49,"column":37}},"19":{"start":{"line":51,"column":3},"end":{"line":51,"column":32}},"20":{"start":{"line":53,"column":3},"end":{"line":53,"column":13}},"21":{"start":{"line":57,"column":2},"end":{"line":85,"column":3}},"22":{"start":{"line":58,"column":24},"end":{"line":58,"column":34}},"23":{"start":{"line":60,"column":23},"end":{"line":76,"column":5}},"24":{"start":{"line":78,"column":3},"end":{"line":80,"column":4}},"25":{"start":{"line":79,"column":4},"end":{"line":79,"column":37}},"26":{"start":{"line":82,"column":3},"end":{"line":82,"column":37}},"27":{"start":{"line":84,"column":3},"end":{"line":84,"column":13}},"28":{"start":{"line":89,"column":2},"end":{"line":124,"column":3}},"29":{"start":{"line":90,"column":13},"end":{"line":90,"column":42}},"30":{"start":{"line":91,"column":94},"end":{"line":91,"column":102}},"31":{"start":{"line":92,"column":21},"end":{"line":103,"column":4}},"32":{"start":{"line":104,"column":3},"end":{"line":121,"column":4}},"33":{"start":{"line":105,"column":4},"end":{"line":105,"column":34}},"34":{"start":{"line":107,"column":24},"end":{"line":107,"column":26}},"35":{"start":{"line":108,"column":4},"end":{"line":115,"column":7}},"36":{"start":{"line":109,"column":20},"end":{"line":113,"column":6}},"37":{"start":{"line":114,"column":5},"end":{"line":114,"column":32}},"38":{"start":{"line":116,"column":22},"end":{"line":118,"column":6}},"39":{"start":{"line":119,"column":4},"end":{"line":119,"column":21}},"40":{"start":{"line":120,"column":4},"end":{"line":120,"column":67}},"41":{"start":{"line":123,"column":3},"end":{"line":123,"column":13}},"42":{"start":{"line":127,"column":2},"end":{"line":160,"column":3}},"43":{"start":{"line":128,"column":24},"end":{"line":128,"column":34}},"44":{"start":{"line":129,"column":86},"end":{"line":129,"column":94}},"45":{"start":{"line":131,"column":23},"end":{"line":131,"column":54}},"46":{"start":{"line":133,"column":3},"end":{"line":135,"column":4}},"47":{"start":{"line":134,"column":4},"end":{"line":134,"column":37}},"48":{"start":{"line":137,"column":25},"end":{"line":151,"column":4}},"49":{"start":{"line":153,"column":3},"end":{"line":157,"column":4}},"50":{"start":{"line":154,"column":4},"end":{"line":154,"column":37}},"51":{"start":{"line":156,"column":4},"end":{"line":156,"column":46}},"52":{"start":{"line":159,"column":3},"end":{"line":159,"column":13}},"53":{"start":{"line":163,"column":2},"end":{"line":189,"column":3}},"54":{"start":{"line":164,"column":24},"end":{"line":164,"column":34}},"55":{"start":{"line":165,"column":22},"end":{"line":165,"column":30}},"56":{"start":{"line":167,"column":23},"end":{"line":167,"column":54}},"57":{"start":{"line":169,"column":3},"end":{"line":171,"column":4}},"58":{"start":{"line":170,"column":4},"end":{"line":170,"column":37}},"59":{"start":{"line":173,"column":25},"end":{"line":181,"column":4}},"60":{"start":{"line":182,"column":3},"end":{"line":186,"column":4}},"61":{"start":{"line":183,"column":4},"end":{"line":183,"column":37}},"62":{"start":{"line":185,"column":4},"end":{"line":185,"column":46}},"63":{"start":{"line":188,"column":3},"end":{"line":188,"column":13}},"64":{"start":{"line":193,"column":0},"end":{"line":193,"column":34}}},"fnMap":{"0":{"name":"(anonymous_0)","decl":{"start":{"line":5,"column":1},"end":{"line":5,"column":2}},"loc":{"start":{"line":5,"column":45},"end":{"line":55,"column":2}},"line":5},"1":{"name":"(anonymous_1)","decl":{"start":{"line":56,"column":1},"end":{"line":56,"column":2}},"loc":{"start":{"line":56,"column":45},"end":{"line":86,"column":2}},"line":56},"2":{"name":"(anonymous_2)","decl":{"start":{"line":88,"column":1},"end":{"line":88,"column":2}},"loc":{"start":{"line":88,"column":43},"end":{"line":125,"column":2}},"line":88},"3":{"name":"(anonymous_3)","decl":{"start":{"line":108,"column":19},"end":{"line":108,"column":20}},"loc":{"start":{"line":108,"column":30},"end":{"line":115,"column":5}},"line":108},"4":{"name":"(anonymous_4)","decl":{"start":{"line":126,"column":1},"end":{"line":126,"column":2}},"loc":{"start":{"line":126,"column":43},"end":{"line":161,"column":2}},"line":126},"5":{"name":"(anonymous_5)","decl":{"start":{"line":162,"column":1},"end":{"line":162,"column":2}},"loc":{"start":{"line":162,"column":42},"end":{"line":190,"column":2}},"line":162}},"branchMap":{"0":{"loc":{"start":{"line":24,"column":3},"end":{"line":26,"column":4}},"type":"if","locations":[{"start":{"line":24,"column":3},"end":{"line":26,"column":4}},{"start":{},"end":{}}],"line":24},"1":{"loc":{"start":{"line":28,"column":3},"end":{"line":30,"column":4}},"type":"if","locations":[{"start":{"line":28,"column":3},"end":{"line":30,"column":4}},{"start":{},"end":{}}],"line":28},"2":{"loc":{"start":{"line":33,"column":3},"end":{"line":46,"column":4}},"type":"if","locations":[{"start":{"line":33,"column":3},"end":{"line":46,"column":4}},{"start":{"line":43,"column":10},"end":{"line":46,"column":4}}],"line":33},"3":{"loc":{"start":{"line":48,"column":3},"end":{"line":50,"column":4}},"type":"if","locations":[{"start":{"line":48,"column":3},"end":{"line":50,"column":4}},{"start":{},"end":{}}],"line":48},"4":{"loc":{"start":{"line":78,"column":3},"end":{"line":80,"column":4}},"type":"if","locations":[{"start":{"line":78,"column":3},"end":{"line":80,"column":4}},{"start":{},"end":{}}],"line":78},"5":{"loc":{"start":{"line":104,"column":3},"end":{"line":121,"column":4}},"type":"if","locations":[{"start":{"line":104,"column":3},"end":{"line":121,"column":4}},{"start":{"line":106,"column":10},"end":{"line":121,"column":4}}],"line":104},"6":{"loc":{"start":{"line":133,"column":3},"end":{"line":135,"column":4}},"type":"if","locations":[{"start":{"line":133,"column":3},"end":{"line":135,"column":4}},{"start":{},"end":{}}],"line":133},"7":{"loc":{"start":{"line":153,"column":3},"end":{"line":157,"column":4}},"type":"if","locations":[{"start":{"line":153,"column":3},"end":{"line":157,"column":4}},{"start":{"line":155,"column":10},"end":{"line":157,"column":4}}],"line":153},"8":{"loc":{"start":{"line":169,"column":3},"end":{"line":171,"column":4}},"type":"if","locations":[{"start":{"line":169,"column":3},"end":{"line":171,"column":4}},{"start":{},"end":{}}],"line":169},"9":{"loc":{"start":{"line":182,"column":3},"end":{"line":186,"column":4}},"type":"if","locations":[{"start":{"line":182,"column":3},"end":{"line":186,"column":4}},{"start":{"line":184,"column":10},"end":{"line":186,"column":4}}],"line":182}},"s":{"0":6,"1":6,"2":0,"3":0,"4":0,"5":0,"6":0,"7":0,"8":0,"9":0,"10":0,"11":0,"12":0,"13":0,"14":0,"15":0,"16":0,"17":0,"18":0,"19":0,"20":0,"21":0,"22":0,"23":0,"24":0,"25":0,"26":0,"27":0,"28":0,"29":0,"30":0,"31":0,"32":0,"33":0,"34":0,"35":0,"36":0,"37":0,"38":0,"39":0,"40":0,"41":0,"42":0,"43":0,"44":0,"45":0,"46":0,"47":0,"48":0,"49":0,"50":0,"51":0,"52":0,"53":0,"54":0,"55":0,"56":0,"57":0,"58":0,"59":0,"60":0,"61":0,"62":0,"63":0,"64":6},"f":{"0":0,"1":0,"2":0,"3":0,"4":0,"5":0},"b":{"0":[0,0],"1":[0,0],"2":[0,0],"3":[0,0],"4":[0,0],"5":[0,0],"6":[0,0],"7":[0,0],"8":[0,0],"9":[0,0]},"_coverageSchema":"1a1c01bbd47fc00a2c39e90264f33305004495a9","hash":"871071b1d9e04fd46f0e7280495c1795724e7feb"}
,"/home/bernhard/git/FINAL PRO/h8-final-project-server/controllers/admin/AdminUserController.js": {"path":"/home/bernhard/git/FINAL PRO/h8-final-project-server/controllers/admin/AdminUserController.js","statementMap":{"0":{"start":{"line":1,"column":17},"end":{"line":1,"column":40}},"1":{"start":{"line":5,"column":2},"end":{"line":10,"column":3}},"2":{"start":{"line":6,"column":17},"end":{"line":6,"column":37}},"3":{"start":{"line":7,"column":3},"end":{"line":7,"column":31}},"4":{"start":{"line":9,"column":3},"end":{"line":9,"column":13}},"5":{"start":{"line":14,"column":0},"end":{"line":14,"column":33}}},"fnMap":{"0":{"name":"(anonymous_0)","decl":{"start":{"line":4,"column":1},"end":{"line":4,"column":2}},"loc":{"start":{"line":4,"column":43},"end":{"line":11,"column":2}},"line":4}},"branchMap":{},"s":{"0":6,"1":0,"2":0,"3":0,"4":0,"5":6},"f":{"0":0},"b":{},"_coverageSchema":"1a1c01bbd47fc00a2c39e90264f33305004495a9","hash":"2358c4796fd27bda2352a9e76bd3788e658f0314"}
,"/home/bernhard/git/FINAL PRO/h8-final-project-server/controllers/public/CommentController.js": {"path":"/home/bernhard/git/FINAL PRO/h8-final-project-server/controllers/public/CommentController.js","statementMap":{"0":{"start":{"line":1,"column":20},"end":{"line":1,"column":43}},"1":{"start":{"line":5,"column":8},"end":{"line":23,"column":9}},"2":{"start":{"line":6,"column":32},"end":{"line":6,"column":42}},"3":{"start":{"line":7,"column":32},"end":{"line":7,"column":40}},"4":{"start":{"line":8,"column":27},"end":{"line":8,"column":35}},"5":{"start":{"line":10,"column":31},"end":{"line":14,"column":14}},"6":{"start":{"line":16,"column":12},"end":{"line":20,"column":14}},"7":{"start":{"line":22,"column":12},"end":{"line":22,"column":23}},"8":{"start":{"line":27,"column":0},"end":{"line":27,"column":34}}},"fnMap":{"0":{"name":"(anonymous_0)","decl":{"start":{"line":4,"column":4},"end":{"line":4,"column":5}},"loc":{"start":{"line":4,"column":45},"end":{"line":24,"column":5}},"line":4}},"branchMap":{},"s":{"0":6,"1":1,"2":1,"3":1,"4":1,"5":1,"6":1,"7":0,"8":6},"f":{"0":1},"b":{},"_coverageSchema":"1a1c01bbd47fc00a2c39e90264f33305004495a9","hash":"2ef9ad4d77bc87ba5cda0a3d7d58cbb75b451200"}
,"/home/bernhard/git/FINAL PRO/h8-final-project-server/controllers/public/CourseController.js": {"path":"/home/bernhard/git/FINAL PRO/h8-final-project-server/controllers/public/CourseController.js","statementMap":{"0":{"start":{"line":1,"column":45},"end":{"line":1,"column":68}},"1":{"start":{"line":2,"column":15},"end":{"line":2,"column":35}},"2":{"start":{"line":6,"column":2},"end":{"line":70,"column":3}},"3":{"start":{"line":7,"column":59},"end":{"line":7,"column":68}},"4":{"start":{"line":8,"column":16},"end":{"line":8,"column":18}},"5":{"start":{"line":10,"column":17},"end":{"line":24,"column":4}},"6":{"start":{"line":26,"column":3},"end":{"line":28,"column":4}},"7":{"start":{"line":27,"column":4},"end":{"line":27,"column":55}},"8":{"start":{"line":30,"column":3},"end":{"line":32,"column":4}},"9":{"start":{"line":31,"column":4},"end":{"line":31,"column":42}},"10":{"start":{"line":34,"column":3},"end":{"line":36,"column":4}},"11":{"start":{"line":35,"column":4},"end":{"line":35,"column":42}},"12":{"start":{"line":38,"column":3},"end":{"line":40,"column":4}},"13":{"start":{"line":39,"column":4},"end":{"line":39,"column":44}},"14":{"start":{"line":42,"column":3},"end":{"line":44,"column":4}},"15":{"start":{"line":43,"column":4},"end":{"line":43,"column":37}},"16":{"start":{"line":48,"column":3},"end":{"line":61,"column":4}},"17":{"start":{"line":49,"column":4},"end":{"line":49,"column":25}},"18":{"start":{"line":50,"column":4},"end":{"line":50,"column":40}},"19":{"start":{"line":51,"column":4},"end":{"line":51,"column":53}},"20":{"start":{"line":52,"column":4},"end":{"line":57,"column":6}},"21":{"start":{"line":59,"column":4},"end":{"line":59,"column":45}},"22":{"start":{"line":60,"column":4},"end":{"line":60,"column":22}},"23":{"start":{"line":63,"column":3},"end":{"line":65,"column":4}},"24":{"start":{"line":64,"column":4},"end":{"line":64,"column":37}},"25":{"start":{"line":67,"column":3},"end":{"line":67,"column":32}},"26":{"start":{"line":69,"column":3},"end":{"line":69,"column":13}},"27":{"start":{"line":74,"column":2},"end":{"line":106,"column":5}},"28":{"start":{"line":75,"column":24},"end":{"line":75,"column":34}},"29":{"start":{"line":77,"column":23},"end":{"line":98,"column":5}},"30":{"start":{"line":100,"column":3},"end":{"line":102,"column":4}},"31":{"start":{"line":101,"column":4},"end":{"line":101,"column":37}},"32":{"start":{"line":103,"column":6},"end":{"line":103,"column":40}},"33":{"start":{"line":105,"column":6},"end":{"line":105,"column":16}},"34":{"start":{"line":110,"column":4},"end":{"line":120,"column":5}},"35":{"start":{"line":111,"column":23},"end":{"line":115,"column":8}},"36":{"start":{"line":117,"column":6},"end":{"line":117,"column":36}},"37":{"start":{"line":119,"column":6},"end":{"line":119,"column":15}},"38":{"start":{"line":125,"column":0},"end":{"line":125,"column":34}}},"fnMap":{"0":{"name":"(anonymous_0)","decl":{"start":{"line":5,"column":1},"end":{"line":5,"column":2}},"loc":{"start":{"line":5,"column":45},"end":{"line":71,"column":2}},"line":5},"1":{"name":"(anonymous_1)","decl":{"start":{"line":73,"column":1},"end":{"line":73,"column":2}},"loc":{"start":{"line":73,"column":47},"end":{"line":107,"column":3}},"line":73},"2":{"name":"(anonymous_2)","decl":{"start":{"line":109,"column":2},"end":{"line":109,"column":3}},"loc":{"start":{"line":109,"column":46},"end":{"line":121,"column":3}},"line":109}},"branchMap":{"0":{"loc":{"start":{"line":26,"column":3},"end":{"line":28,"column":4}},"type":"if","locations":[{"start":{"line":26,"column":3},"end":{"line":28,"column":4}},{"start":{},"end":{}}],"line":26},"1":{"loc":{"start":{"line":30,"column":3},"end":{"line":32,"column":4}},"type":"if","locations":[{"start":{"line":30,"column":3},"end":{"line":32,"column":4}},{"start":{},"end":{}}],"line":30},"2":{"loc":{"start":{"line":34,"column":3},"end":{"line":36,"column":4}},"type":"if","locations":[{"start":{"line":34,"column":3},"end":{"line":36,"column":4}},{"start":{},"end":{}}],"line":34},"3":{"loc":{"start":{"line":38,"column":3},"end":{"line":40,"column":4}},"type":"if","locations":[{"start":{"line":38,"column":3},"end":{"line":40,"column":4}},{"start":{},"end":{}}],"line":38},"4":{"loc":{"start":{"line":42,"column":3},"end":{"line":44,"column":4}},"type":"if","locations":[{"start":{"line":42,"column":3},"end":{"line":44,"column":4}},{"start":{},"end":{}}],"line":42},"5":{"loc":{"start":{"line":48,"column":3},"end":{"line":61,"column":4}},"type":"if","locations":[{"start":{"line":48,"column":3},"end":{"line":61,"column":4}},{"start":{"line":58,"column":10},"end":{"line":61,"column":4}}],"line":48},"6":{"loc":{"start":{"line":63,"column":3},"end":{"line":65,"column":4}},"type":"if","locations":[{"start":{"line":63,"column":3},"end":{"line":65,"column":4}},{"start":{},"end":{}}],"line":63},"7":{"loc":{"start":{"line":100,"column":3},"end":{"line":102,"column":4}},"type":"if","locations":[{"start":{"line":100,"column":3},"end":{"line":102,"column":4}},{"start":{},"end":{}}],"line":100}},"s":{"0":6,"1":6,"2":4,"3":4,"4":4,"5":4,"6":4,"7":1,"8":4,"9":0,"10":4,"11":1,"12":4,"13":2,"14":4,"15":0,"16":4,"17":1,"18":1,"19":1,"20":1,"21":3,"22":3,"23":4,"24":0,"25":4,"26":0,"27":2,"28":2,"29":2,"30":2,"31":1,"32":1,"33":1,"34":1,"35":1,"36":1,"37":0,"38":6},"f":{"0":4,"1":2,"2":1},"b":{"0":[1,3],"1":[0,4],"2":[1,3],"3":[2,2],"4":[0,4],"5":[1,3],"6":[0,4],"7":[1,1]},"_coverageSchema":"1a1c01bbd47fc00a2c39e90264f33305004495a9","hash":"ba6ad717242face860c52f15ea85e6ed30154df4"}
,"/home/bernhard/git/FINAL PRO/h8-final-project-server/controllers/public/PublicUserController.js": {"path":"/home/bernhard/git/FINAL PRO/h8-final-project-server/controllers/public/PublicUserController.js","statementMap":{"0":{"start":{"line":1,"column":17},"end":{"line":1,"column":40}},"1":{"start":{"line":2,"column":28},"end":{"line":2,"column":59}},"2":{"start":{"line":3,"column":22},"end":{"line":3,"column":50}},"3":{"start":{"line":4,"column":18},"end":{"line":4,"column":53}},"4":{"start":{"line":5,"column":25},"end":{"line":5,"column":55}},"5":{"start":{"line":9,"column":2},"end":{"line":37,"column":3}},"6":{"start":{"line":10,"column":37},"end":{"line":10,"column":45}},"7":{"start":{"line":12,"column":22},"end":{"line":17,"column":5}},"8":{"start":{"line":19,"column":20},"end":{"line":23,"column":4}},"9":{"start":{"line":25,"column":19},"end":{"line":32,"column":4}},"10":{"start":{"line":33,"column":3},"end":{"line":33,"column":22}},"11":{"start":{"line":34,"column":3},"end":{"line":34,"column":34}},"12":{"start":{"line":36,"column":3},"end":{"line":36,"column":13}},"13":{"start":{"line":41,"column":2},"end":{"line":70,"column":3}},"14":{"start":{"line":42,"column":31},"end":{"line":42,"column":39}},"15":{"start":{"line":44,"column":21},"end":{"line":48,"column":5}},"16":{"start":{"line":50,"column":3},"end":{"line":52,"column":4}},"17":{"start":{"line":51,"column":4},"end":{"line":51,"column":35}},"18":{"start":{"line":54,"column":3},"end":{"line":56,"column":4}},"19":{"start":{"line":55,"column":4},"end":{"line":55,"column":35}},"20":{"start":{"line":58,"column":19},"end":{"line":63,"column":4}},"21":{"start":{"line":65,"column":17},"end":{"line":65,"column":35}},"22":{"start":{"line":67,"column":3},"end":{"line":67,"column":71}},"23":{"start":{"line":69,"column":3},"end":{"line":69,"column":13}},"24":{"start":{"line":73,"column":17},"end":{"line":73,"column":63}},"25":{"start":{"line":74,"column":2},"end":{"line":106,"column":3}},"26":{"start":{"line":75,"column":18},"end":{"line":78,"column":5}},"27":{"start":{"line":79,"column":19},"end":{"line":79,"column":38}},"28":{"start":{"line":81,"column":33},"end":{"line":81,"column":40}},"29":{"start":{"line":83,"column":18},"end":{"line":92,"column":5}},"30":{"start":{"line":93,"column":24},"end":{"line":98,"column":5}},"31":{"start":{"line":100,"column":3},"end":{"line":103,"column":6}},"32":{"start":{"line":105,"column":3},"end":{"line":105,"column":13}},"33":{"start":{"line":110,"column":2},"end":{"line":123,"column":3}},"34":{"start":{"line":111,"column":20},"end":{"line":118,"column":5}},"35":{"start":{"line":120,"column":3},"end":{"line":120,"column":34}},"36":{"start":{"line":122,"column":3},"end":{"line":122,"column":13}},"37":{"start":{"line":127,"column":2},"end":{"line":146,"column":3}},"38":{"start":{"line":128,"column":37},"end":{"line":128,"column":45}},"39":{"start":{"line":130,"column":20},"end":{"line":141,"column":4}},"40":{"start":{"line":143,"column":3},"end":{"line":143,"column":62}},"41":{"start":{"line":145,"column":3},"end":{"line":145,"column":13}},"42":{"start":{"line":150,"column":0},"end":{"line":150,"column":38}}},"fnMap":{"0":{"name":"(anonymous_0)","decl":{"start":{"line":8,"column":1},"end":{"line":8,"column":2}},"loc":{"start":{"line":8,"column":39},"end":{"line":38,"column":2}},"line":8},"1":{"name":"(anonymous_1)","decl":{"start":{"line":40,"column":1},"end":{"line":40,"column":2}},"loc":{"start":{"line":40,"column":36},"end":{"line":71,"column":2}},"line":40},"2":{"name":"(anonymous_2)","decl":{"start":{"line":72,"column":1},"end":{"line":72,"column":2}},"loc":{"start":{"line":72,"column":42},"end":{"line":107,"column":2}},"line":72},"3":{"name":"(anonymous_3)","decl":{"start":{"line":109,"column":1},"end":{"line":109,"column":2}},"loc":{"start":{"line":109,"column":39},"end":{"line":124,"column":2}},"line":109},"4":{"name":"(anonymous_4)","decl":{"start":{"line":126,"column":1},"end":{"line":126,"column":2}},"loc":{"start":{"line":126,"column":41},"end":{"line":147,"column":2}},"line":126}},"branchMap":{"0":{"loc":{"start":{"line":50,"column":3},"end":{"line":52,"column":4}},"type":"if","locations":[{"start":{"line":50,"column":3},"end":{"line":52,"column":4}},{"start":{},"end":{}}],"line":50},"1":{"loc":{"start":{"line":54,"column":3},"end":{"line":56,"column":4}},"type":"if","locations":[{"start":{"line":54,"column":3},"end":{"line":56,"column":4}},{"start":{},"end":{}}],"line":54}},"s":{"0":6,"1":6,"2":6,"3":6,"4":6,"5":6,"6":6,"7":6,"8":1,"9":1,"10":1,"11":1,"12":5,"13":5,"14":5,"15":5,"16":5,"17":1,"18":4,"19":1,"20":3,"21":3,"22":3,"23":2,"24":0,"25":0,"26":0,"27":0,"28":0,"29":0,"30":0,"31":0,"32":0,"33":1,"34":1,"35":1,"36":0,"37":1,"38":1,"39":1,"40":1,"41":0,"42":6},"f":{"0":6,"1":5,"2":0,"3":1,"4":1},"b":{"0":[1,4],"1":[1,3]},"_coverageSchema":"1a1c01bbd47fc00a2c39e90264f33305004495a9","hash":"d21ead91cc4a90bba67b86088615ac1fef242722"}
,"/home/bernhard/git/FINAL PRO/h8-final-project-server/controllers/public/UserCourseController.js": {"path":"/home/bernhard/git/FINAL PRO/h8-final-project-server/controllers/public/UserCourseController.js","statementMap":{"0":{"start":{"line":1,"column":53},"end":{"line":1,"column":76}},"1":{"start":{"line":2,"column":18},"end":{"line":2,"column":53}},"2":{"start":{"line":6,"column":8},"end":{"line":29,"column":9}},"3":{"start":{"line":7,"column":27},"end":{"line":7,"column":35}},"4":{"start":{"line":8,"column":31},"end":{"line":25,"column":14}},"5":{"start":{"line":26,"column":12},"end":{"line":26,"column":44}},"6":{"start":{"line":28,"column":12},"end":{"line":28,"column":23}},"7":{"start":{"line":33,"column":8},"end":{"line":83,"column":9}},"8":{"start":{"line":34,"column":27},"end":{"line":34,"column":35}},"9":{"start":{"line":35,"column":33},"end":{"line":35,"column":43}},"10":{"start":{"line":37,"column":27},"end":{"line":39,"column":14}},"11":{"start":{"line":41,"column":12},"end":{"line":41,"column":63}},"12":{"start":{"line":41,"column":32},"end":{"line":41,"column":63}},"13":{"start":{"line":43,"column":31},"end":{"line":76,"column":14}},"14":{"start":{"line":78,"column":12},"end":{"line":78,"column":60}},"15":{"start":{"line":78,"column":29},"end":{"line":78,"column":60}},"16":{"start":{"line":80,"column":12},"end":{"line":80,"column":44}},"17":{"start":{"line":82,"column":12},"end":{"line":82,"column":23}},"18":{"start":{"line":87,"column":8},"end":{"line":131,"column":9}},"19":{"start":{"line":88,"column":27},"end":{"line":88,"column":35}},"20":{"start":{"line":89,"column":33},"end":{"line":89,"column":43}},"21":{"start":{"line":91,"column":25},"end":{"line":91,"column":48}},"22":{"start":{"line":93,"column":27},"end":{"line":95,"column":14}},"23":{"start":{"line":97,"column":12},"end":{"line":97,"column":64}},"24":{"start":{"line":97,"column":32},"end":{"line":97,"column":64}},"25":{"start":{"line":99,"column":31},"end":{"line":101,"column":14}},"26":{"start":{"line":103,"column":12},"end":{"line":103,"column":75}},"27":{"start":{"line":103,"column":35},"end":{"line":103,"column":75}},"28":{"start":{"line":105,"column":34},"end":{"line":109,"column":14}},"29":{"start":{"line":111,"column":27},"end":{"line":111,"column":94}},"30":{"start":{"line":112,"column":28},"end":{"line":120,"column":13}},"31":{"start":{"line":122,"column":12},"end":{"line":122,"column":30}},"32":{"start":{"line":123,"column":12},"end":{"line":128,"column":14}},"33":{"start":{"line":130,"column":12},"end":{"line":130,"column":23}},"34":{"start":{"line":135,"column":0},"end":{"line":135,"column":37}}},"fnMap":{"0":{"name":"(anonymous_0)","decl":{"start":{"line":5,"column":4},"end":{"line":5,"column":5}},"loc":{"start":{"line":5,"column":41},"end":{"line":30,"column":5}},"line":5},"1":{"name":"(anonymous_1)","decl":{"start":{"line":32,"column":4},"end":{"line":32,"column":5}},"loc":{"start":{"line":32,"column":42},"end":{"line":84,"column":5}},"line":32},"2":{"name":"(anonymous_2)","decl":{"start":{"line":86,"column":4},"end":{"line":86,"column":5}},"loc":{"start":{"line":86,"column":48},"end":{"line":132,"column":5}},"line":86}},"branchMap":{"0":{"loc":{"start":{"line":41,"column":12},"end":{"line":41,"column":63}},"type":"if","locations":[{"start":{"line":41,"column":12},"end":{"line":41,"column":63}},{"start":{},"end":{}}],"line":41},"1":{"loc":{"start":{"line":78,"column":12},"end":{"line":78,"column":60}},"type":"if","locations":[{"start":{"line":78,"column":12},"end":{"line":78,"column":60}},{"start":{},"end":{}}],"line":78},"2":{"loc":{"start":{"line":97,"column":12},"end":{"line":97,"column":64}},"type":"if","locations":[{"start":{"line":97,"column":12},"end":{"line":97,"column":64}},{"start":{},"end":{}}],"line":97},"3":{"loc":{"start":{"line":103,"column":12},"end":{"line":103,"column":75}},"type":"if","locations":[{"start":{"line":103,"column":12},"end":{"line":103,"column":75}},{"start":{},"end":{}}],"line":103}},"s":{"0":6,"1":6,"2":1,"3":1,"4":1,"5":1,"6":0,"7":2,"8":2,"9":2,"10":2,"11":2,"12":1,"13":1,"14":1,"15":0,"16":1,"17":1,"18":1,"19":1,"20":1,"21":1,"22":1,"23":1,"24":0,"25":1,"26":1,"27":0,"28":1,"29":1,"30":1,"31":1,"32":1,"33":0,"34":6},"f":{"0":1,"1":2,"2":1},"b":{"0":[1,1],"1":[0,1],"2":[0,1],"3":[0,1]},"_coverageSchema":"1a1c01bbd47fc00a2c39e90264f33305004495a9","hash":"00de9bc0a291f05ab2fde3bdeb8a296353f4ea9d"}
,"/home/bernhard/git/FINAL PRO/h8-final-project-server/helpers/bcrypt.js": {"path":"/home/bernhard/git/FINAL PRO/h8-final-project-server/helpers/bcrypt.js","statementMap":{"0":{"start":{"line":1,"column":17},"end":{"line":1,"column":36}},"1":{"start":{"line":3,"column":21},"end":{"line":5,"column":1}},"2":{"start":{"line":4,"column":1},"end":{"line":4,"column":40}},"3":{"start":{"line":7,"column":24},"end":{"line":9,"column":1}},"4":{"start":{"line":8,"column":1},"end":{"line":8,"column":45}},"5":{"start":{"line":11,"column":0},"end":{"line":14,"column":2}}},"fnMap":{"0":{"name":"(anonymous_0)","decl":{"start":{"line":3,"column":21},"end":{"line":3,"column":22}},"loc":{"start":{"line":3,"column":35},"end":{"line":5,"column":1}},"line":3},"1":{"name":"(anonymous_1)","decl":{"start":{"line":7,"column":24},"end":{"line":7,"column":25}},"loc":{"start":{"line":7,"column":44},"end":{"line":9,"column":1}},"line":7}},"branchMap":{},"s":{"0":6,"1":6,"2":4,"3":6,"4":4,"5":6},"f":{"0":4,"1":4},"b":{},"_coverageSchema":"1a1c01bbd47fc00a2c39e90264f33305004495a9","hash":"67c0e70b3b468e78898e61aac2ba8e450bb2ee7b"}
,"/home/bernhard/git/FINAL PRO/h8-final-project-server/helpers/jwt.js": {"path":"/home/bernhard/git/FINAL PRO/h8-final-project-server/helpers/jwt.js","statementMap":{"0":{"start":{"line":1,"column":12},"end":{"line":1,"column":35}},"1":{"start":{"line":3,"column":18},"end":{"line":3,"column":40}},"2":{"start":{"line":5,"column":18},"end":{"line":7,"column":1}},"3":{"start":{"line":6,"column":1},"end":{"line":6,"column":37}},"4":{"start":{"line":9,"column":20},"end":{"line":11,"column":1}},"5":{"start":{"line":10,"column":1},"end":{"line":10,"column":37}},"6":{"start":{"line":13,"column":0},"end":{"line":16,"column":2}}},"fnMap":{"0":{"name":"(anonymous_0)","decl":{"start":{"line":5,"column":18},"end":{"line":5,"column":19}},"loc":{"start":{"line":5,"column":31},"end":{"line":7,"column":1}},"line":5},"1":{"name":"(anonymous_1)","decl":{"start":{"line":9,"column":20},"end":{"line":9,"column":21}},"loc":{"start":{"line":9,"column":31},"end":{"line":11,"column":1}},"line":9}},"branchMap":{},"s":{"0":6,"1":6,"2":6,"3":3,"4":6,"5":10,"6":6},"f":{"0":3,"1":10},"b":{},"_coverageSchema":"1a1c01bbd47fc00a2c39e90264f33305004495a9","hash":"9c5447d75ebde96ca1781f9bbfbf7dd945347da3"}
,"/home/bernhard/git/FINAL PRO/h8-final-project-server/helpers/multer.js": {"path":"/home/bernhard/git/FINAL PRO/h8-final-project-server/helpers/multer.js","statementMap":{"0":{"start":{"line":1,"column":15},"end":{"line":1,"column":33}},"1":{"start":{"line":3,"column":16},"end":{"line":3,"column":38}},"2":{"start":{"line":4,"column":15},"end":{"line":4,"column":41}},"3":{"start":{"line":6,"column":0},"end":{"line":6,"column":27}}},"fnMap":{},"branchMap":{},"s":{"0":6,"1":6,"2":6,"3":6},"f":{},"b":{},"_coverageSchema":"1a1c01bbd47fc00a2c39e90264f33305004495a9","hash":"0d8b9c71bbf66fa812f96908a35f6142227c5828"}
,"/home/bernhard/git/FINAL PRO/h8-final-project-server/helpers/nodemailer.js": {"path":"/home/bernhard/git/FINAL PRO/h8-final-project-server/helpers/nodemailer.js","statementMap":{"0":{"start":{"line":1,"column":19},"end":{"line":1,"column":40}},"1":{"start":{"line":3,"column":20},"end":{"line":9,"column":2}},"2":{"start":{"line":12,"column":24},"end":{"line":24,"column":5}},"3":{"start":{"line":26,"column":4},"end":{"line":26,"column":37}},"4":{"start":{"line":29,"column":0},"end":{"line":29,"column":26}}},"fnMap":{"0":{"name":"sendEmail","decl":{"start":{"line":11,"column":9},"end":{"line":11,"column":18}},"loc":{"start":{"line":11,"column":29},"end":{"line":27,"column":1}},"line":11}},"branchMap":{},"s":{"0":6,"1":6,"2":2,"3":2,"4":6},"f":{"0":2},"b":{},"_coverageSchema":"1a1c01bbd47fc00a2c39e90264f33305004495a9","hash":"16ccc1523317bffe18f3cecfcf52238083e044af"}
,"/home/bernhard/git/FINAL PRO/h8-final-project-server/middlewares/authentication.js": {"path":"/home/bernhard/git/FINAL PRO/h8-final-project-server/middlewares/authentication.js","statementMap":{"0":{"start":{"line":1,"column":17},"end":{"line":1,"column":37}},"1":{"start":{"line":2,"column":24},"end":{"line":2,"column":49}},"2":{"start":{"line":4,"column":23},"end":{"line":35,"column":1}},"3":{"start":{"line":5,"column":1},"end":{"line":34,"column":2}},"4":{"start":{"line":6,"column":34},"end":{"line":6,"column":45}},"5":{"start":{"line":8,"column":2},"end":{"line":10,"column":3}},"6":{"start":{"line":9,"column":3},"end":{"line":9,"column":34}},"7":{"start":{"line":12,"column":15},"end":{"line":12,"column":33}},"8":{"start":{"line":14,"column":20},"end":{"line":19,"column":4}},"9":{"start":{"line":21,"column":2},"end":{"line":23,"column":3}},"10":{"start":{"line":22,"column":3},"end":{"line":22,"column":34}},"11":{"start":{"line":25,"column":2},"end":{"line":29,"column":4}},"12":{"start":{"line":31,"column":2},"end":{"line":31,"column":9}},"13":{"start":{"line":33,"column":2},"end":{"line":33,"column":14}},"14":{"start":{"line":37,"column":0},"end":{"line":37,"column":32}}},"fnMap":{"0":{"name":"(anonymous_0)","decl":{"start":{"line":4,"column":23},"end":{"line":4,"column":24}},"loc":{"start":{"line":4,"column":49},"end":{"line":35,"column":1}},"line":4}},"branchMap":{"0":{"loc":{"start":{"line":8,"column":2},"end":{"line":10,"column":3}},"type":"if","locations":[{"start":{"line":8,"column":2},"end":{"line":10,"column":3}},{"start":{},"end":{}}],"line":8},"1":{"loc":{"start":{"line":21,"column":2},"end":{"line":23,"column":3}},"type":"if","locations":[{"start":{"line":21,"column":2},"end":{"line":23,"column":3}},{"start":{},"end":{}}],"line":21}},"s":{"0":6,"1":6,"2":6,"3":12,"4":12,"5":12,"6":2,"7":10,"8":8,"9":8,"10":1,"11":7,"12":7,"13":5,"14":6},"f":{"0":12},"b":{"0":[2,10],"1":[1,7]},"_coverageSchema":"1a1c01bbd47fc00a2c39e90264f33305004495a9","hash":"adac67a6cd4ef1164e91529b994ae44affa735ed"}
,"/home/bernhard/git/FINAL PRO/h8-final-project-server/middlewares/authorization.js": {"path":"/home/bernhard/git/FINAL PRO/h8-final-project-server/middlewares/authorization.js","statementMap":{"0":{"start":{"line":1,"column":22},"end":{"line":12,"column":1}},"1":{"start":{"line":2,"column":1},"end":{"line":11,"column":2}},"2":{"start":{"line":3,"column":15},"end":{"line":3,"column":28}},"3":{"start":{"line":4,"column":2},"end":{"line":8,"column":3}},"4":{"start":{"line":5,"column":3},"end":{"line":5,"column":10}},"5":{"start":{"line":7,"column":3},"end":{"line":7,"column":31}},"6":{"start":{"line":10,"column":2},"end":{"line":10,"column":12}},"7":{"start":{"line":14,"column":0},"end":{"line":14,"column":31}}},"fnMap":{"0":{"name":"(anonymous_0)","decl":{"start":{"line":1,"column":22},"end":{"line":1,"column":23}},"loc":{"start":{"line":1,"column":48},"end":{"line":12,"column":1}},"line":1}},"branchMap":{"0":{"loc":{"start":{"line":4,"column":2},"end":{"line":8,"column":3}},"type":"if","locations":[{"start":{"line":4,"column":2},"end":{"line":8,"column":3}},{"start":{"line":6,"column":9},"end":{"line":8,"column":3}}],"line":4}},"s":{"0":6,"1":0,"2":0,"3":0,"4":0,"5":0,"6":0,"7":6},"f":{"0":0},"b":{"0":[0,0]},"_coverageSchema":"1a1c01bbd47fc00a2c39e90264f33305004495a9","hash":"f5f1b1f7588f10fe042c2f61ed8168b7b73daaf1"}
,"/home/bernhard/git/FINAL PRO/h8-final-project-server/middlewares/errorHandler.js": {"path":"/home/bernhard/git/FINAL PRO/h8-final-project-server/middlewares/errorHandler.js","statementMap":{"0":{"start":{"line":1,"column":21},"end":{"line":45,"column":1}},"1":{"start":{"line":2,"column":12},"end":{"line":2,"column":15}},"2":{"start":{"line":3,"column":11},"end":{"line":3,"column":34}},"3":{"start":{"line":5,"column":2},"end":{"line":5,"column":18}},"4":{"start":{"line":6,"column":2},"end":{"line":42,"column":3}},"5":{"start":{"line":7,"column":4},"end":{"line":7,"column":14}},"6":{"start":{"line":8,"column":4},"end":{"line":8,"column":31}},"7":{"start":{"line":9,"column":9},"end":{"line":42,"column":3}},"8":{"start":{"line":10,"column":4},"end":{"line":10,"column":14}},"9":{"start":{"line":11,"column":4},"end":{"line":11,"column":31}},"10":{"start":{"line":12,"column":9},"end":{"line":42,"column":3}},"11":{"start":{"line":13,"column":4},"end":{"line":13,"column":14}},"12":{"start":{"line":14,"column":4},"end":{"line":14,"column":34}},"13":{"start":{"line":15,"column":9},"end":{"line":42,"column":3}},"14":{"start":{"line":16,"column":4},"end":{"line":16,"column":14}},"15":{"start":{"line":17,"column":4},"end":{"line":17,"column":24}},"16":{"start":{"line":18,"column":9},"end":{"line":42,"column":3}},"17":{"start":{"line":19,"column":4},"end":{"line":19,"column":14}},"18":{"start":{"line":20,"column":4},"end":{"line":20,"column":32}},"19":{"start":{"line":21,"column":9},"end":{"line":42,"column":3}},"20":{"start":{"line":22,"column":4},"end":{"line":22,"column":14}},"21":{"start":{"line":23,"column":4},"end":{"line":23,"column":28}},"22":{"start":{"line":24,"column":9},"end":{"line":42,"column":3}},"23":{"start":{"line":25,"column":4},"end":{"line":25,"column":14}},"24":{"start":{"line":26,"column":4},"end":{"line":26,"column":36}},"25":{"start":{"line":27,"column":9},"end":{"line":42,"column":3}},"26":{"start":{"line":28,"column":4},"end":{"line":28,"column":14}},"27":{"start":{"line":29,"column":4},"end":{"line":29,"column":30}},"28":{"start":{"line":30,"column":9},"end":{"line":42,"column":3}},"29":{"start":{"line":31,"column":4},"end":{"line":31,"column":14}},"30":{"start":{"line":32,"column":4},"end":{"line":32,"column":37}},"31":{"start":{"line":33,"column":9},"end":{"line":42,"column":3}},"32":{"start":{"line":34,"column":4},"end":{"line":34,"column":14}},"33":{"start":{"line":35,"column":4},"end":{"line":35,"column":46}},"34":{"start":{"line":36,"column":9},"end":{"line":42,"column":3}},"35":{"start":{"line":37,"column":4},"end":{"line":37,"column":14}},"36":{"start":{"line":38,"column":4},"end":{"line":38,"column":26}},"37":{"start":{"line":39,"column":9},"end":{"line":42,"column":3}},"38":{"start":{"line":40,"column":4},"end":{"line":40,"column":14}},"39":{"start":{"line":41,"column":4},"end":{"line":41,"column":26}},"40":{"start":{"line":44,"column":1},"end":{"line":44,"column":41}},"41":{"start":{"line":47,"column":0},"end":{"line":47,"column":30}}},"fnMap":{"0":{"name":"(anonymous_0)","decl":{"start":{"line":1,"column":21},"end":{"line":1,"column":22}},"loc":{"start":{"line":1,"column":46},"end":{"line":45,"column":1}},"line":1}},"branchMap":{"0":{"loc":{"start":{"line":6,"column":2},"end":{"line":42,"column":3}},"type":"if","locations":[{"start":{"line":6,"column":2},"end":{"line":42,"column":3}},{"start":{"line":9,"column":9},"end":{"line":42,"column":3}}],"line":6},"1":{"loc":{"start":{"line":9,"column":9},"end":{"line":42,"column":3}},"type":"if","locations":[{"start":{"line":9,"column":9},"end":{"line":42,"column":3}},{"start":{"line":12,"column":9},"end":{"line":42,"column":3}}],"line":9},"2":{"loc":{"start":{"line":12,"column":9},"end":{"line":42,"column":3}},"type":"if","locations":[{"start":{"line":12,"column":9},"end":{"line":42,"column":3}},{"start":{"line":15,"column":9},"end":{"line":42,"column":3}}],"line":12},"3":{"loc":{"start":{"line":15,"column":9},"end":{"line":42,"column":3}},"type":"if","locations":[{"start":{"line":15,"column":9},"end":{"line":42,"column":3}},{"start":{"line":18,"column":9},"end":{"line":42,"column":3}}],"line":15},"4":{"loc":{"start":{"line":18,"column":9},"end":{"line":42,"column":3}},"type":"if","locations":[{"start":{"line":18,"column":9},"end":{"line":42,"column":3}},{"start":{"line":21,"column":9},"end":{"line":42,"column":3}}],"line":18},"5":{"loc":{"start":{"line":21,"column":9},"end":{"line":42,"column":3}},"type":"if","locations":[{"start":{"line":21,"column":9},"end":{"line":42,"column":3}},{"start":{"line":24,"column":9},"end":{"line":42,"column":3}}],"line":21},"6":{"loc":{"start":{"line":24,"column":9},"end":{"line":42,"column":3}},"type":"if","locations":[{"start":{"line":24,"column":9},"end":{"line":42,"column":3}},{"start":{"line":27,"column":9},"end":{"line":42,"column":3}}],"line":24},"7":{"loc":{"start":{"line":27,"column":9},"end":{"line":42,"column":3}},"type":"if","locations":[{"start":{"line":27,"column":9},"end":{"line":42,"column":3}},{"start":{"line":30,"column":9},"end":{"line":42,"column":3}}],"line":27},"8":{"loc":{"start":{"line":30,"column":9},"end":{"line":42,"column":3}},"type":"if","locations":[{"start":{"line":30,"column":9},"end":{"line":42,"column":3}},{"start":{"line":33,"column":9},"end":{"line":42,"column":3}}],"line":30},"9":{"loc":{"start":{"line":33,"column":9},"end":{"line":42,"column":3}},"type":"if","locations":[{"start":{"line":33,"column":9},"end":{"line":42,"column":3}},{"start":{"line":36,"column":9},"end":{"line":42,"column":3}}],"line":33},"10":{"loc":{"start":{"line":36,"column":9},"end":{"line":42,"column":3}},"type":"if","locations":[{"start":{"line":36,"column":9},"end":{"line":42,"column":3}},{"start":{"line":39,"column":9},"end":{"line":42,"column":3}}],"line":36},"11":{"loc":{"start":{"line":39,"column":9},"end":{"line":42,"column":3}},"type":"if","locations":[{"start":{"line":39,"column":9},"end":{"line":42,"column":3}},{"start":{},"end":{}}],"line":39}},"s":{"0":6,"1":14,"2":14,"3":14,"4":14,"5":5,"6":5,"7":9,"8":0,"9":0,"10":9,"11":5,"12":5,"13":4,"14":2,"15":2,"16":2,"17":0,"18":0,"19":2,"20":2,"21":2,"22":0,"23":0,"24":0,"25":0,"26":0,"27":0,"28":0,"29":0,"30":0,"31":0,"32":0,"33":0,"34":0,"35":0,"36":0,"37":0,"38":0,"39":0,"40":14,"41":6},"f":{"0":14},"b":{"0":[5,9],"1":[0,9],"2":[5,4],"3":[2,2],"4":[0,2],"5":[2,0],"6":[0,0],"7":[0,0],"8":[0,0],"9":[0,0],"10":[0,0],"11":[0,0]},"_coverageSchema":"1a1c01bbd47fc00a2c39e90264f33305004495a9","hash":"b6e0e46172c95de62d231d021fed64c562d3b563"}
,"/home/bernhard/git/FINAL PRO/h8-final-project-server/middlewares/uploadImages.js": {"path":"/home/bernhard/git/FINAL PRO/h8-final-project-server/middlewares/uploadImages.js","statementMap":{"0":{"start":{"line":1,"column":17},"end":{"line":1,"column":37}},"1":{"start":{"line":2,"column":14},"end":{"line":2,"column":30}},"2":{"start":{"line":4,"column":21},"end":{"line":57,"column":1}},"3":{"start":{"line":5,"column":1},"end":{"line":56,"column":2}},"4":{"start":{"line":6,"column":2},"end":{"line":52,"column":3}},"5":{"start":{"line":7,"column":17},"end":{"line":7,"column":26}},"6":{"start":{"line":8,"column":27},"end":{"line":25,"column":5}},"7":{"start":{"line":9,"column":4},"end":{"line":13,"column":5}},"8":{"start":{"line":10,"column":5},"end":{"line":12,"column":7}},"9":{"start":{"line":14,"column":4},"end":{"line":18,"column":5}},"10":{"start":{"line":15,"column":5},"end":{"line":17,"column":7}},"11":{"start":{"line":19,"column":21},"end":{"line":19,"column":49}},"12":{"start":{"line":20,"column":15},"end":{"line":20,"column":29}},"13":{"start":{"line":22,"column":4},"end":{"line":22,"column":36}},"14":{"start":{"line":23,"column":4},"end":{"line":23,"column":45}},"15":{"start":{"line":24,"column":4},"end":{"line":24,"column":16}},"16":{"start":{"line":27,"column":16},"end":{"line":27,"column":18}},"17":{"start":{"line":29,"column":3},"end":{"line":48,"column":4}},"18":{"start":{"line":30,"column":21},"end":{"line":35,"column":6}},"19":{"start":{"line":36,"column":4},"end":{"line":38,"column":5}},"20":{"start":{"line":37,"column":5},"end":{"line":37,"column":37}},"21":{"start":{"line":39,"column":25},"end":{"line":39,"column":54}},"22":{"start":{"line":40,"column":4},"end":{"line":40,"column":22}},"23":{"start":{"line":41,"column":22},"end":{"line":41,"column":44}},"24":{"start":{"line":43,"column":26},"end":{"line":46,"column":5}},"25":{"start":{"line":47,"column":4},"end":{"line":47,"column":31}},"26":{"start":{"line":49,"column":3},"end":{"line":49,"column":28}},"27":{"start":{"line":51,"column":3},"end":{"line":51,"column":10}},"28":{"start":{"line":54,"column":2},"end":{"line":54,"column":18}},"29":{"start":{"line":55,"column":2},"end":{"line":55,"column":12}},"30":{"start":{"line":59,"column":0},"end":{"line":59,"column":30}}},"fnMap":{"0":{"name":"(anonymous_0)","decl":{"start":{"line":4,"column":21},"end":{"line":4,"column":22}},"loc":{"start":{"line":4,"column":47},"end":{"line":57,"column":1}},"line":4},"1":{"name":"(anonymous_1)","decl":{"start":{"line":8,"column":37},"end":{"line":8,"column":38}},"loc":{"start":{"line":8,"column":45},"end":{"line":25,"column":4}},"line":8}},"branchMap":{"0":{"loc":{"start":{"line":6,"column":2},"end":{"line":52,"column":3}},"type":"if","locations":[{"start":{"line":6,"column":2},"end":{"line":52,"column":3}},{"start":{"line":50,"column":9},"end":{"line":52,"column":3}}],"line":6},"1":{"loc":{"start":{"line":9,"column":4},"end":{"line":13,"column":5}},"type":"if","locations":[{"start":{"line":9,"column":4},"end":{"line":13,"column":5}},{"start":{},"end":{}}],"line":9},"2":{"loc":{"start":{"line":14,"column":4},"end":{"line":18,"column":5}},"type":"if","locations":[{"start":{"line":14,"column":4},"end":{"line":18,"column":5}},{"start":{},"end":{}}],"line":14},"3":{"loc":{"start":{"line":36,"column":4},"end":{"line":38,"column":5}},"type":"if","locations":[{"start":{"line":36,"column":4},"end":{"line":38,"column":5}},{"start":{},"end":{}}],"line":36}},"s":{"0":6,"1":6,"2":6,"3":0,"4":0,"5":0,"6":0,"7":0,"8":0,"9":0,"10":0,"11":0,"12":0,"13":0,"14":0,"15":0,"16":0,"17":0,"18":0,"19":0,"20":0,"21":0,"22":0,"23":0,"24":0,"25":0,"26":0,"27":0,"28":0,"29":0,"30":6},"f":{"0":0,"1":0},"b":{"0":[0,0],"1":[0,0],"2":[0,0],"3":[0,0]},"_coverageSchema":"1a1c01bbd47fc00a2c39e90264f33305004495a9","hash":"9548452164f5c0230da6a10081d286a7db37c405"}
,"/home/bernhard/git/FINAL PRO/h8-final-project-server/models/category.js": {"path":"/home/bernhard/git/FINAL PRO/h8-final-project-server/models/category.js","statementMap":{"0":{"start":{"line":2,"column":18},"end":{"line":2,"column":38}},"1":{"start":{"line":3,"column":0},"end":{"line":33,"column":2}},"2":{"start":{"line":12,"column":3},"end":{"line":12,"column":65}},"3":{"start":{"line":15,"column":1},"end":{"line":31,"column":3}},"4":{"start":{"line":32,"column":1},"end":{"line":32,"column":17}}},"fnMap":{"0":{"name":"(anonymous_0)","decl":{"start":{"line":3,"column":17},"end":{"line":3,"column":18}},"loc":{"start":{"line":3,"column":43},"end":{"line":33,"column":1}},"line":3},"1":{"name":"(anonymous_1)","decl":{"start":{"line":10,"column":2},"end":{"line":10,"column":3}},"loc":{"start":{"line":10,"column":27},"end":{"line":13,"column":3}},"line":10}},"branchMap":{},"s":{"0":6,"1":6,"2":6,"3":6,"4":6},"f":{"0":6,"1":6},"b":{},"_coverageSchema":"1a1c01bbd47fc00a2c39e90264f33305004495a9","hash":"418777d9ef889e3d1b23ff5b79b4ada21c442ad8"}
,"/home/bernhard/git/FINAL PRO/h8-final-project-server/models/comment.js": {"path":"/home/bernhard/git/FINAL PRO/h8-final-project-server/models/comment.js","statementMap":{"0":{"start":{"line":2,"column":18},"end":{"line":2,"column":38}},"1":{"start":{"line":3,"column":0},"end":{"line":51,"column":2}},"2":{"start":{"line":12,"column":3},"end":{"line":12,"column":60}},"3":{"start":{"line":13,"column":3},"end":{"line":13,"column":62}},"4":{"start":{"line":16,"column":1},"end":{"line":49,"column":3}},"5":{"start":{"line":50,"column":1},"end":{"line":50,"column":16}}},"fnMap":{"0":{"name":"(anonymous_0)","decl":{"start":{"line":3,"column":17},"end":{"line":3,"column":18}},"loc":{"start":{"line":3,"column":43},"end":{"line":51,"column":1}},"line":3},"1":{"name":"(anonymous_1)","decl":{"start":{"line":10,"column":2},"end":{"line":10,"column":3}},"loc":{"start":{"line":10,"column":27},"end":{"line":14,"column":3}},"line":10}},"branchMap":{},"s":{"0":6,"1":6,"2":6,"3":6,"4":6,"5":6},"f":{"0":6,"1":6},"b":{},"_coverageSchema":"1a1c01bbd47fc00a2c39e90264f33305004495a9","hash":"af658a105482c0256c709895095ca1ca13d4ca50"}
,"/home/bernhard/git/FINAL PRO/h8-final-project-server/models/course.js": {"path":"/home/bernhard/git/FINAL PRO/h8-final-project-server/models/course.js","statementMap":{"0":{"start":{"line":2,"column":18},"end":{"line":2,"column":38}},"1":{"start":{"line":3,"column":0},"end":{"line":93,"column":2}},"2":{"start":{"line":12,"column":3},"end":{"line":12,"column":89}},"3":{"start":{"line":13,"column":3},"end":{"line":13,"column":67}},"4":{"start":{"line":14,"column":3},"end":{"line":14,"column":60}},"5":{"start":{"line":17,"column":1},"end":{"line":91,"column":3}},"6":{"start":{"line":92,"column":1},"end":{"line":92,"column":15}}},"fnMap":{"0":{"name":"(anonymous_0)","decl":{"start":{"line":3,"column":17},"end":{"line":3,"column":18}},"loc":{"start":{"line":3,"column":43},"end":{"line":93,"column":1}},"line":3},"1":{"name":"(anonymous_1)","decl":{"start":{"line":10,"column":2},"end":{"line":10,"column":3}},"loc":{"start":{"line":10,"column":27},"end":{"line":15,"column":3}},"line":10}},"branchMap":{},"s":{"0":6,"1":6,"2":6,"3":6,"4":6,"5":6,"6":6},"f":{"0":6,"1":6},"b":{},"_coverageSchema":"1a1c01bbd47fc00a2c39e90264f33305004495a9","hash":"db457476178694f21101c7a4664b42ed17c379a1"}
,"/home/bernhard/git/FINAL PRO/h8-final-project-server/models/index.js": {"path":"/home/bernhard/git/FINAL PRO/h8-final-project-server/models/index.js","statementMap":{"0":{"start":{"line":3,"column":11},"end":{"line":3,"column":24}},"1":{"start":{"line":4,"column":13},"end":{"line":4,"column":28}},"2":{"start":{"line":5,"column":18},"end":{"line":5,"column":38}},"3":{"start":{"line":6,"column":17},"end":{"line":6,"column":42}},"4":{"start":{"line":7,"column":12},"end":{"line":7,"column":49}},"5":{"start":{"line":8,"column":15},"end":{"line":8,"column":65}},"6":{"start":{"line":9,"column":11},"end":{"line":9,"column":13}},"7":{"start":{"line":12,"column":0},"end":{"line":16,"column":1}},"8":{"start":{"line":13,"column":1},"end":{"line":13,"column":73}},"9":{"start":{"line":15,"column":1},"end":{"line":15,"column":86}},"10":{"start":{"line":18,"column":0},"end":{"line":25,"column":4}},"11":{"start":{"line":20,"column":2},"end":{"line":20,"column":82}},"12":{"start":{"line":23,"column":16},"end":{"line":23,"column":83}},"13":{"start":{"line":24,"column":2},"end":{"line":24,"column":25}},"14":{"start":{"line":27,"column":0},"end":{"line":31,"column":3}},"15":{"start":{"line":28,"column":1},"end":{"line":30,"column":2}},"16":{"start":{"line":29,"column":2},"end":{"line":29,"column":30}},"17":{"start":{"line":33,"column":0},"end":{"line":33,"column":25}},"18":{"start":{"line":34,"column":0},"end":{"line":34,"column":25}},"19":{"start":{"line":36,"column":0},"end":{"line":36,"column":20}}},"fnMap":{"0":{"name":"(anonymous_0)","decl":{"start":{"line":19,"column":9},"end":{"line":19,"column":10}},"loc":{"start":{"line":19,"column":19},"end":{"line":21,"column":2}},"line":19},"1":{"name":"(anonymous_1)","decl":{"start":{"line":22,"column":10},"end":{"line":22,"column":11}},"loc":{"start":{"line":22,"column":20},"end":{"line":25,"column":2}},"line":22},"2":{"name":"(anonymous_2)","decl":{"start":{"line":27,"column":24},"end":{"line":27,"column":25}},"loc":{"start":{"line":27,"column":39},"end":{"line":31,"column":1}},"line":27}},"branchMap":{"0":{"loc":{"start":{"line":7,"column":12},"end":{"line":7,"column":49}},"type":"binary-expr","locations":[{"start":{"line":7,"column":12},"end":{"line":7,"column":32}},{"start":{"line":7,"column":36},"end":{"line":7,"column":49}}],"line":7},"1":{"loc":{"start":{"line":12,"column":0},"end":{"line":16,"column":1}},"type":"if","locations":[{"start":{"line":12,"column":0},"end":{"line":16,"column":1}},{"start":{"line":14,"column":7},"end":{"line":16,"column":1}}],"line":12},"2":{"loc":{"start":{"line":20,"column":9},"end":{"line":20,"column":81}},"type":"binary-expr","locations":[{"start":{"line":20,"column":9},"end":{"line":20,"column":32}},{"start":{"line":20,"column":36},"end":{"line":20,"column":53}},{"start":{"line":20,"column":57},"end":{"line":20,"column":81}}],"line":20},"3":{"loc":{"start":{"line":28,"column":1},"end":{"line":30,"column":2}},"type":"if","locations":[{"start":{"line":28,"column":1},"end":{"line":30,"column":2}},{"start":{},"end":{}}],"line":28}},"s":{"0":6,"1":6,"2":6,"3":6,"4":6,"5":6,"6":6,"7":6,"8":0,"9":6,"10":6,"11":42,"12":36,"13":36,"14":6,"15":36,"16":36,"17":6,"18":6,"19":6},"f":{"0":42,"1":36,"2":36},"b":{"0":[6,0],"1":[0,6],"2":[42,42,36],"3":[36,0]},"_coverageSchema":"1a1c01bbd47fc00a2c39e90264f33305004495a9","hash":"106dd366c5a345b69a3fbf25d99435ee67cfc351"}
,"/home/bernhard/git/FINAL PRO/h8-final-project-server/models/user.js": {"path":"/home/bernhard/git/FINAL PRO/h8-final-project-server/models/user.js","statementMap":{"0":{"start":{"line":2,"column":25},"end":{"line":2,"column":53}},"1":{"start":{"line":3,"column":18},"end":{"line":3,"column":38}},"2":{"start":{"line":4,"column":0},"end":{"line":71,"column":2}},"3":{"start":{"line":13,"column":3},"end":{"line":13,"column":87}},"4":{"start":{"line":14,"column":3},"end":{"line":14,"column":58}},"5":{"start":{"line":17,"column":1},"end":{"line":69,"column":3}},"6":{"start":{"line":63,"column":5},"end":{"line":63,"column":57}},"7":{"start":{"line":70,"column":1},"end":{"line":70,"column":13}}},"fnMap":{"0":{"name":"(anonymous_0)","decl":{"start":{"line":4,"column":17},"end":{"line":4,"column":18}},"loc":{"start":{"line":4,"column":43},"end":{"line":71,"column":1}},"line":4},"1":{"name":"(anonymous_1)","decl":{"start":{"line":11,"column":2},"end":{"line":11,"column":3}},"loc":{"start":{"line":11,"column":27},"end":{"line":15,"column":3}},"line":11},"2":{"name":"(anonymous_2)","decl":{"start":{"line":62,"column":18},"end":{"line":62,"column":19}},"loc":{"start":{"line":62,"column":41},"end":{"line":64,"column":5}},"line":62}},"branchMap":{},"s":{"0":6,"1":6,"2":6,"3":6,"4":6,"5":6,"6":4,"7":6},"f":{"0":6,"1":6,"2":4},"b":{},"_coverageSchema":"1a1c01bbd47fc00a2c39e90264f33305004495a9","hash":"15eebbc289619771fe48a264e9352928adcb9ec3"}
,"/home/bernhard/git/FINAL PRO/h8-final-project-server/models/usercourse.js": {"path":"/home/bernhard/git/FINAL PRO/h8-final-project-server/models/usercourse.js","statementMap":{"0":{"start":{"line":2,"column":18},"end":{"line":2,"column":38}},"1":{"start":{"line":3,"column":0},"end":{"line":58,"column":2}},"2":{"start":{"line":12,"column":3},"end":{"line":12,"column":63}},"3":{"start":{"line":13,"column":3},"end":{"line":13,"column":67}},"4":{"start":{"line":16,"column":1},"end":{"line":56,"column":3}},"5":{"start":{"line":57,"column":1},"end":{"line":57,"column":19}}},"fnMap":{"0":{"name":"(anonymous_0)","decl":{"start":{"line":3,"column":17},"end":{"line":3,"column":18}},"loc":{"start":{"line":3,"column":43},"end":{"line":58,"column":1}},"line":3},"1":{"name":"(anonymous_1)","decl":{"start":{"line":10,"column":2},"end":{"line":10,"column":3}},"loc":{"start":{"line":10,"column":27},"end":{"line":14,"column":3}},"line":10}},"branchMap":{},"s":{"0":6,"1":6,"2":6,"3":6,"4":6,"5":6},"f":{"0":6,"1":6},"b":{},"_coverageSchema":"1a1c01bbd47fc00a2c39e90264f33305004495a9","hash":"4c5a88aaa88398dec96e33720ec1f0fd8bb58233"}
,"/home/bernhard/git/FINAL PRO/h8-final-project-server/models/video.js": {"path":"/home/bernhard/git/FINAL PRO/h8-final-project-server/models/video.js","statementMap":{"0":{"start":{"line":2,"column":18},"end":{"line":2,"column":38}},"1":{"start":{"line":3,"column":0},"end":{"line":51,"column":2}},"2":{"start":{"line":12,"column":3},"end":{"line":12,"column":62}},"3":{"start":{"line":13,"column":3},"end":{"line":13,"column":60}},"4":{"start":{"line":16,"column":1},"end":{"line":49,"column":3}},"5":{"start":{"line":50,"column":1},"end":{"line":50,"column":14}}},"fnMap":{"0":{"name":"(anonymous_0)","decl":{"start":{"line":3,"column":17},"end":{"line":3,"column":18}},"loc":{"start":{"line":3,"column":43},"end":{"line":51,"column":1}},"line":3},"1":{"name":"(anonymous_1)","decl":{"start":{"line":10,"column":2},"end":{"line":10,"column":3}},"loc":{"start":{"line":10,"column":27},"end":{"line":14,"column":3}},"line":10}},"branchMap":{},"s":{"0":6,"1":6,"2":6,"3":6,"4":6,"5":6},"f":{"0":6,"1":6},"b":{},"_coverageSchema":"1a1c01bbd47fc00a2c39e90264f33305004495a9","hash":"1b941e15660e4d9e2fbab05ab4f4b7c85d64100a"}
,"/home/bernhard/git/FINAL PRO/h8-final-project-server/routes/adminRouter.js": {"path":"/home/bernhard/git/FINAL PRO/h8-final-project-server/routes/adminRouter.js","statementMap":{"0":{"start":{"line":1,"column":16},"end":{"line":1,"column":34}},"1":{"start":{"line":2,"column":20},"end":{"line":2,"column":36}},"2":{"start":{"line":3,"column":24},"end":{"line":3,"column":75}},"3":{"start":{"line":4,"column":25},"end":{"line":4,"column":78}},"4":{"start":{"line":5,"column":27},"end":{"line":5,"column":82}},"5":{"start":{"line":6,"column":26},"end":{"line":6,"column":80}},"6":{"start":{"line":7,"column":23},"end":{"line":7,"column":63}},"7":{"start":{"line":8,"column":22},"end":{"line":8,"column":61}},"8":{"start":{"line":9,"column":19},"end":{"line":9,"column":47}},"9":{"start":{"line":10,"column":21},"end":{"line":10,"column":59}},"10":{"start":{"line":12,"column":0},"end":{"line":12,"column":32}},"11":{"start":{"line":13,"column":0},"end":{"line":13,"column":71}},"12":{"start":{"line":14,"column":0},"end":{"line":14,"column":76}},"13":{"start":{"line":15,"column":0},"end":{"line":15,"column":86}},"14":{"start":{"line":16,"column":0},"end":{"line":16,"column":115}},"15":{"start":{"line":17,"column":0},"end":{"line":17,"column":84}},"16":{"start":{"line":18,"column":0},"end":{"line":18,"column":85}},"17":{"start":{"line":19,"column":0},"end":{"line":19,"column":84}},"18":{"start":{"line":20,"column":0},"end":{"line":20,"column":82}},"19":{"start":{"line":21,"column":0},"end":{"line":21,"column":96}},"20":{"start":{"line":22,"column":0},"end":{"line":22,"column":90}},"21":{"start":{"line":24,"column":0},"end":{"line":24,"column":29}}},"fnMap":{},"branchMap":{},"s":{"0":6,"1":6,"2":6,"3":6,"4":6,"5":6,"6":6,"7":6,"8":6,"9":6,"10":6,"11":6,"12":6,"13":6,"14":6,"15":6,"16":6,"17":6,"18":6,"19":6,"20":6,"21":6},"f":{},"b":{},"_coverageSchema":"1a1c01bbd47fc00a2c39e90264f33305004495a9","hash":"bb8a8d238c29cf7acf5d557adf682a27143c2504"}
,"/home/bernhard/git/FINAL PRO/h8-final-project-server/routes/index.js": {"path":"/home/bernhard/git/FINAL PRO/h8-final-project-server/routes/index.js","statementMap":{"0":{"start":{"line":1,"column":16},"end":{"line":1,"column":34}},"1":{"start":{"line":2,"column":15},"end":{"line":2,"column":31}},"2":{"start":{"line":3,"column":21},"end":{"line":3,"column":46}},"3":{"start":{"line":4,"column":20},"end":{"line":4,"column":44}},"4":{"start":{"line":5,"column":21},"end":{"line":5,"column":59}},"5":{"start":{"line":7,"column":0},"end":{"line":7,"column":36}},"6":{"start":{"line":8,"column":0},"end":{"line":8,"column":34}},"7":{"start":{"line":10,"column":0},"end":{"line":10,"column":24}},"8":{"start":{"line":12,"column":0},"end":{"line":12,"column":24}}},"fnMap":{},"branchMap":{},"s":{"0":6,"1":6,"2":6,"3":6,"4":6,"5":6,"6":6,"7":6,"8":6},"f":{},"b":{},"_coverageSchema":"1a1c01bbd47fc00a2c39e90264f33305004495a9","hash":"a1d5fe71bf995dee31f5e28c4a981187fcf32425"}
,"/home/bernhard/git/FINAL PRO/h8-final-project-server/routes/publicRouter.js": {"path":"/home/bernhard/git/FINAL PRO/h8-final-project-server/routes/publicRouter.js","statementMap":{"0":{"start":{"line":1,"column":16},"end":{"line":1,"column":34}},"1":{"start":{"line":2,"column":21},"end":{"line":2,"column":37}},"2":{"start":{"line":3,"column":29},"end":{"line":3,"column":82}},"3":{"start":{"line":4,"column":29},"end":{"line":4,"column":82}},"4":{"start":{"line":5,"column":25},"end":{"line":5,"column":74}},"5":{"start":{"line":6,"column":23},"end":{"line":6,"column":63}},"6":{"start":{"line":7,"column":26},"end":{"line":7,"column":76}},"7":{"start":{"line":9,"column":0},"end":{"line":9,"column":62}},"8":{"start":{"line":10,"column":0},"end":{"line":10,"column":56}},"9":{"start":{"line":11,"column":0},"end":{"line":11,"column":62}},"10":{"start":{"line":12,"column":0},"end":{"line":12,"column":62}},"11":{"start":{"line":13,"column":0},"end":{"line":13,"column":74}},"12":{"start":{"line":14,"column":0},"end":{"line":14,"column":64}},"13":{"start":{"line":16,"column":0},"end":{"line":16,"column":33}},"14":{"start":{"line":17,"column":0},"end":{"line":17,"column":58}},"15":{"start":{"line":18,"column":0},"end":{"line":18,"column":60}},"16":{"start":{"line":20,"column":0},"end":{"line":20,"column":60}},"17":{"start":{"line":21,"column":0},"end":{"line":21,"column":72}},"18":{"start":{"line":22,"column":0},"end":{"line":22,"column":79}},"19":{"start":{"line":24,"column":0},"end":{"line":24,"column":69}},"20":{"start":{"line":26,"column":0},"end":{"line":26,"column":29}}},"fnMap":{},"branchMap":{},"s":{"0":6,"1":6,"2":6,"3":6,"4":6,"5":6,"6":6,"7":6,"8":6,"9":6,"10":6,"11":6,"12":6,"13":6,"14":6,"15":6,"16":6,"17":6,"18":6,"19":6,"20":6},"f":{},"b":{},"_coverageSchema":"1a1c01bbd47fc00a2c39e90264f33305004495a9","hash":"36f646c453e9ee3c13146157553cd7ebe2c371a4"}
}
