TN:
SF:app.js
FNF:0
FNH:0
DA:1,6
DA:2,6
DA:3,6
DA:4,6
DA:5,6
DA:7,6
DA:8,6
DA:9,6
DA:11,6
DA:13,6
LF:10
LH:10
BRF:0
BRH:0
end_of_record
TN:
SF:controllers/admin/AdminCategoryController.js
FN:4,(anonymous_0)
FN:12,(anonymous_1)
FN:21,(anonymous_2)
FNF:3
FNH:0
FNDA:0,(anonymous_0)
FNDA:0,(anonymous_1)
FNDA:0,(anonymous_2)
DA:1,6
DA:5,0
DA:6,0
DA:7,0
DA:9,0
DA:13,0
DA:14,0
DA:15,0
DA:16,0
DA:18,0
DA:22,0
DA:23,0
DA:24,0
DA:25,0
DA:26,0
DA:27,0
DA:36,0
DA:44,0
DA:48,0
DA:51,0
DA:56,6
LF:21
LH:2
BRDA:26,0,0,0
BRDA:26,0,1,0
BRF:2
BRH:0
end_of_record
TN:
SF:controllers/admin/AdminCommentController.js
FN:4,(anonymous_0)
FNF:1
FNH:0
FNDA:0,(anonymous_0)
DA:1,6
DA:5,0
DA:6,0
DA:7,0
DA:8,0
DA:9,0
DA:11,0
DA:12,0
DA:15,0
DA:20,6
LF:10
LH:2
BRDA:8,0,0,0
BRDA:8,0,1,0
BRF:2
BRH:0
end_of_record
TN:
SF:controllers/admin/AdminCourseController.js
FN:5,(anonymous_0)
FN:56,(anonymous_1)
FN:88,(anonymous_2)
FN:108,(anonymous_3)
FN:126,(anonymous_4)
FN:162,(anonymous_5)
FNF:6
FNH:0
FNDA:0,(anonymous_0)
FNDA:0,(anonymous_1)
FNDA:0,(anonymous_2)
FNDA:0,(anonymous_3)
FNDA:0,(anonymous_4)
FNDA:0,(anonymous_5)
DA:1,6
DA:2,6
DA:6,0
DA:7,0
DA:8,0
DA:10,0
DA:24,0
DA:25,0
DA:28,0
DA:29,0
DA:33,0
DA:34,0
DA:35,0
DA:36,0
DA:37,0
DA:44,0
DA:45,0
DA:48,0
DA:49,0
DA:51,0
DA:53,0
DA:57,0
DA:58,0
DA:60,0
DA:78,0
DA:79,0
DA:82,0
DA:84,0
DA:89,0
DA:90,0
DA:91,0
DA:92,0
DA:104,0
DA:105,0
DA:107,0
DA:108,0
DA:109,0
DA:114,0
DA:116,0
DA:119,0
DA:120,0
DA:123,0
DA:127,0
DA:128,0
DA:129,0
DA:131,0
DA:133,0
DA:134,0
DA:137,0
DA:153,0
DA:154,0
DA:156,0
DA:159,0
DA:163,0
DA:164,0
DA:165,0
DA:167,0
DA:169,0
DA:170,0
DA:173,0
DA:182,0
DA:183,0
DA:185,0
DA:188,0
DA:193,6
LF:65
LH:3
BRDA:24,0,0,0
BRDA:24,0,1,0
BRDA:28,1,0,0
BRDA:28,1,1,0
BRDA:33,2,0,0
BRDA:33,2,1,0
BRDA:48,3,0,0
BRDA:48,3,1,0
BRDA:78,4,0,0
BRDA:78,4,1,0
BRDA:104,5,0,0
BRDA:104,5,1,0
BRDA:133,6,0,0
BRDA:133,6,1,0
BRDA:153,7,0,0
BRDA:153,7,1,0
BRDA:169,8,0,0
BRDA:169,8,1,0
BRDA:182,9,0,0
BRDA:182,9,1,0
BRF:20
BRH:0
end_of_record
TN:
SF:controllers/admin/AdminUserController.js
FN:4,(anonymous_0)
FNF:1
FNH:0
FNDA:0,(anonymous_0)
DA:1,6
DA:5,0
DA:6,0
DA:7,0
DA:9,0
DA:14,6
LF:6
LH:2
BRF:0
BRH:0
end_of_record
TN:
SF:controllers/public/CommentController.js
FN:4,(anonymous_0)
FNF:1
FNH:1
FNDA:1,(anonymous_0)
DA:1,6
DA:5,1
DA:6,1
DA:7,1
DA:8,1
DA:10,1
DA:16,1
DA:22,0
DA:27,6
LF:9
LH:8
BRF:0
BRH:0
end_of_record
TN:
SF:controllers/public/CourseController.js
FN:5,(anonymous_0)
FN:73,(anonymous_1)
FN:109,(anonymous_2)
FNF:3
FNH:3
FNDA:4,(anonymous_0)
FNDA:2,(anonymous_1)
FNDA:1,(anonymous_2)
DA:1,6
DA:2,6
DA:6,4
DA:7,4
DA:8,4
DA:10,4
DA:26,4
DA:27,1
DA:30,4
DA:31,0
DA:34,4
DA:35,1
DA:38,4
DA:39,2
DA:42,4
DA:43,0
DA:48,4
DA:49,1
DA:50,1
DA:51,1
DA:52,1
DA:59,3
DA:60,3
DA:63,4
DA:64,0
DA:67,4
DA:69,0
DA:74,2
DA:75,2
DA:77,2
DA:100,2
DA:101,1
DA:103,1
DA:105,1
DA:110,1
DA:111,1
DA:117,1
DA:119,0
DA:125,6
LF:39
LH:34
BRDA:26,0,0,1
BRDA:26,0,1,3
BRDA:30,1,0,0
BRDA:30,1,1,4
BRDA:34,2,0,1
BRDA:34,2,1,3
BRDA:38,3,0,2
BRDA:38,3,1,2
BRDA:42,4,0,0
BRDA:42,4,1,4
BRDA:48,5,0,1
BRDA:48,5,1,3
BRDA:63,6,0,0
BRDA:63,6,1,4
BRDA:100,7,0,1
BRDA:100,7,1,1
BRF:16
BRH:13
end_of_record
TN:
SF:controllers/public/PublicUserController.js
FN:8,(anonymous_0)
FN:40,(anonymous_1)
FN:72,(anonymous_2)
FN:109,(anonymous_3)
FN:126,(anonymous_4)
FNF:5
FNH:4
FNDA:6,(anonymous_0)
FNDA:5,(anonymous_1)
FNDA:0,(anonymous_2)
FNDA:1,(anonymous_3)
FNDA:1,(anonymous_4)
DA:1,6
DA:2,6
DA:3,6
DA:4,6
DA:5,6
DA:9,6
DA:10,6
DA:12,6
DA:19,1
DA:25,1
DA:33,1
DA:34,1
DA:36,5
DA:41,5
DA:42,5
DA:44,5
DA:50,5
DA:51,1
DA:54,4
DA:55,1
DA:58,3
DA:65,3
DA:67,3
DA:69,2
DA:73,0
DA:74,0
DA:75,0
DA:79,0
DA:81,0
DA:83,0
DA:93,0
DA:100,0
DA:105,0
DA:110,1
DA:111,1
DA:120,1
DA:122,0
DA:127,1
DA:128,1
DA:130,1
DA:143,1
DA:145,0
DA:150,6
LF:43
LH:32
BRDA:50,0,0,1
BRDA:50,0,1,4
BRDA:54,1,0,1
BRDA:54,1,1,3
BRF:4
BRH:4
end_of_record
TN:
SF:controllers/public/UserCourseController.js
FN:5,(anonymous_0)
FN:32,(anonymous_1)
FN:86,(anonymous_2)
FNF:3
FNH:3
FNDA:1,(anonymous_0)
FNDA:2,(anonymous_1)
FNDA:1,(anonymous_2)
DA:1,6
DA:2,6
DA:6,1
DA:7,1
DA:8,1
DA:26,1
DA:28,0
DA:33,2
DA:34,2
DA:35,2
DA:37,2
DA:41,2
DA:43,1
DA:78,1
DA:80,1
DA:82,1
DA:87,1
DA:88,1
DA:89,1
DA:91,1
DA:93,1
DA:97,1
DA:99,1
DA:103,1
DA:105,1
DA:111,1
DA:112,1
DA:122,1
DA:123,1
DA:130,0
DA:135,6
LF:31
LH:29
BRDA:41,0,0,1
BRDA:41,0,1,1
BRDA:78,1,0,0
BRDA:78,1,1,1
BRDA:97,2,0,0
BRDA:97,2,1,1
BRDA:103,3,0,0
BRDA:103,3,1,1
BRF:8
BRH:5
end_of_record
TN:
SF:helpers/bcrypt.js
FN:3,(anonymous_0)
FN:7,(anonymous_1)
FNF:2
FNH:2
FNDA:4,(anonymous_0)
FNDA:4,(anonymous_1)
DA:1,6
DA:3,6
DA:4,4
DA:7,6
DA:8,4
DA:11,6
LF:6
LH:6
BRF:0
BRH:0
end_of_record
TN:
SF:helpers/jwt.js
FN:5,(anonymous_0)
FN:9,(anonymous_1)
FNF:2
FNH:2
FNDA:3,(anonymous_0)
FNDA:10,(anonymous_1)
DA:1,6
DA:3,6
DA:5,6
DA:6,3
DA:9,6
DA:10,10
DA:13,6
LF:7
LH:7
BRF:0
BRH:0
end_of_record
TN:
SF:helpers/multer.js
FNF:0
FNH:0
DA:1,6
DA:3,6
DA:4,6
DA:6,6
LF:4
LH:4
BRF:0
BRH:0
end_of_record
TN:
SF:helpers/nodemailer.js
FN:11,sendEmail
FNF:1
FNH:1
FNDA:2,sendEmail
DA:1,6
DA:3,6
DA:12,2
DA:26,2
DA:29,6
LF:5
LH:5
BRF:0
BRH:0
end_of_record
TN:
SF:middlewares/authentication.js
FN:4,(anonymous_0)
FNF:1
FNH:1
FNDA:12,(anonymous_0)
DA:1,6
DA:2,6
DA:4,6
DA:5,12
DA:6,12
DA:8,12
DA:9,2
DA:12,10
DA:14,8
DA:21,8
DA:22,1
DA:25,7
DA:31,7
DA:33,5
DA:37,6
LF:15
LH:15
BRDA:8,0,0,2
BRDA:8,0,1,10
BRDA:21,1,0,1
BRDA:21,1,1,7
BRF:4
BRH:4
end_of_record
TN:
SF:middlewares/authorization.js
FN:1,(anonymous_0)
FNF:1
FNH:0
FNDA:0,(anonymous_0)
DA:1,6
DA:2,0
DA:3,0
DA:4,0
DA:5,0
DA:7,0
DA:10,0
DA:14,6
LF:8
LH:2
BRDA:4,0,0,0
BRDA:4,0,1,0
BRF:2
BRH:0
end_of_record
TN:
SF:middlewares/errorHandler.js
FN:1,(anonymous_0)
FNF:1
FNH:1
FNDA:14,(anonymous_0)
DA:1,6
DA:2,14
DA:3,14
DA:5,14
DA:6,14
DA:7,5
DA:8,5
DA:9,9
DA:10,0
DA:11,0
DA:12,9
DA:13,5
DA:14,5
DA:15,4
DA:16,2
DA:17,2
DA:18,2
DA:19,0
DA:20,0
DA:21,2
DA:22,2
DA:23,2
DA:24,0
DA:25,0
DA:26,0
DA:27,0
DA:28,0
DA:29,0
DA:30,0
DA:31,0
DA:32,0
DA:33,0
DA:34,0
DA:35,0
DA:36,0
DA:37,0
DA:38,0
DA:39,0
DA:40,0
DA:41,0
DA:44,14
DA:47,6
LF:42
LH:20
BRDA:6,0,0,5
BRDA:6,0,1,9
BRDA:9,1,0,0
BRDA:9,1,1,9
BRDA:12,2,0,5
BRDA:12,2,1,4
BRDA:15,3,0,2
BRDA:15,3,1,2
BRDA:18,4,0,0
BRDA:18,4,1,2
BRDA:21,5,0,2
BRDA:21,5,1,0
BRDA:24,6,0,0
BRDA:24,6,1,0
BRDA:27,7,0,0
BRDA:27,7,1,0
BRDA:30,8,0,0
BRDA:30,8,1,0
BRDA:33,9,0,0
BRDA:33,9,1,0
BRDA:36,10,0,0
BRDA:36,10,1,0
BRDA:39,11,0,0
BRDA:39,11,1,0
BRF:24
BRH:9
end_of_record
TN:
SF:middlewares/uploadImages.js
FN:4,(anonymous_0)
FN:8,(anonymous_1)
FNF:2
FNH:0
FNDA:0,(anonymous_0)
FNDA:0,(anonymous_1)
DA:1,6
DA:2,6
DA:4,6
DA:5,0
DA:6,0
DA:7,0
DA:8,0
DA:9,0
DA:10,0
DA:14,0
DA:15,0
DA:19,0
DA:20,0
DA:22,0
DA:23,0
DA:24,0
DA:27,0
DA:29,0
DA:30,0
DA:36,0
DA:37,0
DA:39,0
DA:40,0
DA:41,0
DA:43,0
DA:47,0
DA:49,0
DA:51,0
DA:54,0
DA:55,0
DA:59,6
LF:31
LH:4
BRDA:6,0,0,0
BRDA:6,0,1,0
BRDA:9,1,0,0
BRDA:9,1,1,0
BRDA:14,2,0,0
BRDA:14,2,1,0
BRDA:36,3,0,0
BRDA:36,3,1,0
BRF:8
BRH:0
end_of_record
TN:
SF:models/category.js
FN:3,(anonymous_0)
FN:10,(anonymous_1)
FNF:2
FNH:2
FNDA:6,(anonymous_0)
FNDA:6,(anonymous_1)
DA:2,6
DA:3,6
DA:12,6
DA:15,6
DA:32,6
LF:5
LH:5
BRF:0
BRH:0
end_of_record
TN:
SF:models/comment.js
FN:3,(anonymous_0)
FN:10,(anonymous_1)
FNF:2
FNH:2
FNDA:6,(anonymous_0)
FNDA:6,(anonymous_1)
DA:2,6
DA:3,6
DA:12,6
DA:13,6
DA:16,6
DA:50,6
LF:6
LH:6
BRF:0
BRH:0
end_of_record
TN:
SF:models/course.js
FN:3,(anonymous_0)
FN:10,(anonymous_1)
FNF:2
FNH:2
FNDA:6,(anonymous_0)
FNDA:6,(anonymous_1)
DA:2,6
DA:3,6
DA:12,6
DA:13,6
DA:14,6
DA:17,6
DA:92,6
LF:7
LH:7
BRF:0
BRH:0
end_of_record
TN:
SF:models/index.js
FN:19,(anonymous_0)
FN:22,(anonymous_1)
FN:27,(anonymous_2)
FNF:3
FNH:3
FNDA:42,(anonymous_0)
FNDA:36,(anonymous_1)
FNDA:36,(anonymous_2)
DA:3,6
DA:4,6
DA:5,6
DA:6,6
DA:7,6
DA:8,6
DA:9,6
DA:12,6
DA:13,0
DA:15,6
DA:18,6
DA:20,42
DA:23,36
DA:24,36
DA:27,6
DA:28,36
DA:29,36
DA:33,6
DA:34,6
DA:36,6
LF:20
LH:19
BRDA:7,0,0,6
BRDA:7,0,1,0
BRDA:12,1,0,0
BRDA:12,1,1,6
BRDA:20,2,0,42
BRDA:20,2,1,42
BRDA:20,2,2,36
BRDA:28,3,0,36
BRDA:28,3,1,0
BRF:9
BRH:6
end_of_record
TN:
SF:models/user.js
FN:4,(anonymous_0)
FN:11,(anonymous_1)
FN:62,(anonymous_2)
FNF:3
FNH:3
FNDA:6,(anonymous_0)
FNDA:6,(anonymous_1)
FNDA:4,(anonymous_2)
DA:2,6
DA:3,6
DA:4,6
DA:13,6
DA:14,6
DA:17,6
DA:63,4
DA:70,6
LF:8
LH:8
BRF:0
BRH:0
end_of_record
TN:
SF:models/usercourse.js
FN:3,(anonymous_0)
FN:10,(anonymous_1)
FNF:2
FNH:2
FNDA:6,(anonymous_0)
FNDA:6,(anonymous_1)
DA:2,6
DA:3,6
DA:12,6
DA:13,6
DA:16,6
DA:57,6
LF:6
LH:6
BRF:0
BRH:0
end_of_record
TN:
SF:models/video.js
FN:3,(anonymous_0)
FN:10,(anonymous_1)
FNF:2
FNH:2
FNDA:6,(anonymous_0)
FNDA:6,(anonymous_1)
DA:2,6
DA:3,6
DA:12,6
DA:13,6
DA:16,6
DA:50,6
LF:6
LH:6
BRF:0
BRH:0
end_of_record
TN:
SF:routes/adminRouter.js
FNF:0
FNH:0
DA:1,6
DA:2,6
DA:3,6
DA:4,6
DA:5,6
DA:6,6
DA:7,6
DA:8,6
DA:9,6
DA:10,6
DA:12,6
DA:13,6
DA:14,6
DA:15,6
DA:16,6
DA:17,6
DA:18,6
DA:19,6
DA:20,6
DA:21,6
DA:22,6
DA:24,6
LF:22
LH:22
BRF:0
BRH:0
end_of_record
TN:
SF:routes/index.js
FNF:0
FNH:0
DA:1,6
DA:2,6
DA:3,6
DA:4,6
DA:5,6
DA:7,6
DA:8,6
DA:10,6
DA:12,6
LF:9
LH:9
BRF:0
BRH:0
end_of_record
TN:
SF:routes/publicRouter.js
FNF:0
FNH:0
DA:1,6
DA:2,6
DA:3,6
DA:4,6
DA:5,6
DA:6,6
DA:7,6
DA:9,6
DA:10,6
DA:11,6
DA:12,6
DA:13,6
DA:14,6
DA:16,6
DA:17,6
DA:18,6
DA:20,6
DA:21,6
DA:22,6
DA:24,6
DA:26,6
LF:21
LH:21
BRF:0
BRH:0
end_of_record
